Sent Message to Server: M 0 0
Received Message from Server: M 50 50
-NT AL GF TW NT AL GF TW NT AL GF TW NT AL GF TW-
-NT AL GF TW NT AL GF TW NT AL GF TW NT AL GF TW-
-NT AL GF TW NT AL GF TW NT AL GF TW NT AL GF TW-
-NT AL GF TW NT AL GF TW NT AL GF TW NT AL GF TW-
-NT AL GF TW NT AL GF TW NT AL GF TW NT AL GF TW-
-NT AL GF TW NT AL GF TW NT AL GF TW NT AL GF TW-
-NT AL GF TW NT AL GF TW NT AL GF TW NT AL GF TW-
-NT AL GF TW NT AL GF TW NT AL GF TW NT AL GF TW-
-NT AL GF TW NT AL GF TW NT AL GF TW NT AL GF TW-
-NT AL GF TW NT AL GF TW NT AL GF TW NT AL GF TW-
-NT AL GF TW NT AL GF TW NT AL GF TW NT AL GF TW-
-NT AL GF TW NT AL GF TW NT AL GF TW NT AL GF TW-
-NT AL GF TW NT AL GF TW NT AL GF TW NT AL GF TW-
-NT AL GF TW NT AL GF TW NT AL GF TW NT AL GF TW-
-NT AL GF TW NT AL GF TW NT AL GF TW NT AL GF TW-
-NT AL GF TW NT AL GF TW NT AL GF TW NT AL GF TW-
-NT AL GF TW NT AL GF TW NT AL GF TW NT AL GF TW-
-NT AL GF TW NT AL GF TW NT AL GF TW NT AL GF TW-
-NT AL GF TW NT AL GF TW NT AL GF TW NT AL GF TW-
-NT AL GF TW NT AL GF TW NT AL GF TW NT AL GF TW-
-NT AL GF TW NT AL GF TW NT AL GF TW NT AL GF TW-
-NT AL GF TW NT AL GF TW NT AL GF TW NT AL GF TW-
-NT AL GF TW NT AL GF TW NT AL GF TW NT AL GF TW-
-NT AL GF TW NT AL GF TW NT AL GF TW NT AL GF TW-
-NT AL GF TW NT AL GF TW NT AL GF TW NT AL GF TW-
-NT AL GF TW NT AL GF TW NT AL GF TW NT AL GF TW-
-NT AL GF TW NT AL GF TW NT AL GF TW NT AL GF TW-
-NT AL GF TW NT AL GF TW NT AL GF TW NT AL GF TW-
-NT AL GF TW NT AL GF TW NT AL GF TW NT AL GF TW-
-NT AL GF TW NT AL GF TW NT AL GF TW NT AL GF TW-
-NT AL GF TW NT AL GF TW NT AL GF TW NT AL GF TW-
-NT AL GF TW NT AL GF TW NT AL GF TW NT AL GF TW-
-NT AL GF TW NT AL GF TW NT AL GF TW NT AL GF TW-
-NT AL GF TW NT AL GF TW NT AL GF TW NT AL GF TW-
-NT AL GF TW NT AL GF TW NT AL GF TW NT AL GF TW-
-NT AL GF TW NT AL GF TW NT AL GF TW NT AL GF TW-
-NT AL GF TW NT AL GF TW NT AL GF TW NT AL GF TW-
-NT AL GF TW NT AL GF TW NT AL GF TW NT AL GF TW-
-NT AL GF TW NT AL GF TW NT AL GF TW NT AL GF TW-
-NT AL GF TW NT AL GF TW NT AL GF TW NT AL GF TW-
-NT AL GF TW NT AL GF TW NT AL GF TW NT AL GF TW-
-NT AL GF TW NT AL GF TW NT AL GF TW NT AL GF TW-
-NT AL GF TW NT AL GF TW NT AL GF TW NT AL GF TW-
-NT AL GF TW NT AL GF TW NT AL GF TW NT AL GF TW-
-NT AL GF TW NT AL GF TW NT AL GF TW NT AL GF TW-
-NT AL GF TW NT AL GF TW NT AL GF TW NT AL GF TW-
-NT AL GF TW NT AL GF TW NT AL GF TW NT AL GF TW-
-NT AL GF TW NT AL GF TW NT AL GF TW NT AL GF TW-
-NT AL GF TW NT AL GF TW NT AL GF TW NT AL GF TW-
-NT AL GF TW NT AL GF TW NT AL GF TW NT AL GF T
Sent Message to Server: M 10 10
Received Message from Server: M 50 50
-NT AL GF TW NT AL GF TW NT AL GF TW NT AL GF TW-
-NT AL GF TW NT AL GF TW NT AL GF TW NT AL GF TW-
-NT AL GF TW NT AL GF TW NT AL GF TW NT AL GF TW-
-NT AL GF TW NT AL GF TW NT AL GF TW NT AL GF TW-
-NT AL GF TW NT AL GF TW NT AL GF TW NT AL GF TW-
-NT AL GF TW NT AL GF TW NT AL GF TW NT AL GF TW-
-NT AL GF TW NT AL GF TW NT AL GF TW NT AL GF TW-
-NT AL GF TW NT AL GF TW NT AL GF TW NT AL GF TW-
-NT AL GF TW NT AL GF TW NT AL GF TW NT AL GF TW-
-NT AL GF TW NT AL GF TW NT AL GF TW NT AL GF TW-
-NT AL GF TW NT AL GF TW NT AL GF TW NT AL GF TW-
-NT AL GF TW NT AL GF TW NT AL GF TW NT AL GF TW-
-NT AL GF TW NT AL GF TW NT AL GF TW NT AL GF TW-
-NT AL GF TW NT AL GF TW NT AL GF TW NT AL GF TW-
-NT AL GF TW NT AL GF TW NT AL GF TW NT AL GF TW-
-NT AL GF TW NT AL GF TW NT AL GF TW NT AL GF TW-
-NT AL GF TW NT AL GF TW NT AL GF TW NT AL GF TW-
-NT AL GF TW NT AL GF TW NT AL GF TW NT AL GF TW-
-NT AL GF TW NT AL GF TW NT AL GF TW NT AL GF TW-
-NT AL GF TW NT AL GF TW NT AL GF TW NT AL GF TW-
-NT AL GF TW NT AL GF TW NT AL GF TW NT AL GF TW-
-NT AL GF TW NT AL GF TW NT AL GF TW NT AL GF TW-
-NT AL GF TW NT AL GF TW NT AL GF TW NT AL GF TW-
-NT AL GF TW NT AL GF TW NT AL GF TW NT AL GF TW-
-NT AL GF TW NT AL GF TW NT AL GF TW NT AL GF TW-
-NT AL GF TW NT AL GF TW NT AL GF TW NT AL GF TW-
-NT AL GF TW NT AL GF TW NT AL GF TW NT AL GF TW-
-NT AL GF TW NT AL GF TW NT AL GF TW NT AL GF TW-
-NT AL GF TW NT AL GF TW NT AL GF TW NT AL GF TW-
-NT AL GF TW NT AL GF TW NT AL GF TW NT AL GF TW-
-NT AL GF TW NT AL GF TW NT AL GF TW NT AL GF TW-
-NT AL GF TW NT AL GF TW NT AL GF TW NT AL GF TW-
-NT AL GF TW NT AL GF TW NT AL GF TW NT AL GF TW-
-NT AL GF TW NT AL GF TW NT AL GF TW NT AL GF TW-
-NT AL GF TW NT AL GF TW NT AL GF TW NT AL GF TW-
-NT AL GF TW NT AL GF TW NT AL GF TW NT AL GF TW-
-NT AL GF TW NT AL GF TW NT AL GF TW NT AL GF TW-
-NT AL GF TW NT AL GF TW NT AL GF TW NT AL GF TW-
-NT AL GF TW NT AL GF TW NT AL GF TW NT AL GF TW-
-NT AL GF TW NT AL GF TW NT AL GF TW NT AL GF TW-
-NT AL GF TW NT AL GF TW NT AL GF TW NT AL GF TW-
-NT AL GF TW NT AL GF TW NT AL GF TW NT AL GF TW-
-NT AL GF TW NT AL GF TW NT AL GF TW NT AL GF TW-
-NT AL GF TW NT AL GF TW NT AL GF TW NT AL GF TW-
-NT AL GF TW NT AL GF TW NT AL GF TW NT AL GF TW-
-NT AL GF TW NT AL GF TW NT AL GF TW NT AL GF TW-
-NT AL GF TW NT AL GF TW NT AL GF TW NT AL GF TW-
-NT AL GF TW NT AL GF TW NT AL GF TW NT AL GF TW-
-NT AL GF TW NT AL GF TW NT AL GF TW NT AL GF TW-
-NT AL GF TW NT AL GF TW NT AL GF TW NT AL GF T
Sent Message to Server: M 10 10
Received Message from Server: M 50 50
-NT AL GF TW NT AL GF TW NT AL GF TW NT AL GF TW-
-NT AL GF TW NT AL GF TW NT AL GF TW NT AL GF TW-
-NT AL GF TW NT AL GF TW NT AL GF TW NT AL GF TW-
-NT AL GF TW NT AL GF TW NT AL GF TW NT AL GF TW-
-NT AL GF TW NT AL GF TW NT AL GF TW NT AL GF TW-
-NT AL GF TW NT AL GF TW NT AL GF TW NT AL GF TW-
-NT AL GF TW NT AL GF TW NT AL GF TW NT AL GF TW-
-NT AL GF TW NT AL GF TW NT AL GF TW NT AL GF TW-
-NT AL GF TW NT AL GF TW NT AL GF TW NT AL GF TW-
-NT AL GF TW NT AL GF TW NT AL GF TW NT AL GF TW-
-NT AL GF TW NT AL GF TW NT AL GF TW NT AL GF TW-
-NT AL GF TW NT AL GF TW NT AL GF TW NT AL GF TW-
-NT AL GF TW NT AL GF TW NT AL GF TW NT AL GF TW-
-NT AL GF TW NT AL GF TW NT AL GF TW NT AL GF TW-
-NT AL GF TW NT AL GF TW NT AL GF TW NT AL GF TW-
-NT AL GF TW NT AL GF TW NT AL GF TW NT AL GF TW-
-NT AL GF TW NT AL GF TW NT AL GF TW NT AL GF TW-
-NT AL GF TW NT AL GF TW NT AL GF TW NT AL GF TW-
-NT AL GF TW NT AL GF TW NT AL GF TW NT AL GF TW-
-NT AL GF TW NT AL GF TW NT AL GF TW NT AL GF TW-
-NT AL GF TW NT AL GF TW NT AL GF TW NT AL GF TW-
-NT AL GF TW NT AL GF TW NT AL GF TW NT AL GF TW-
-NT AL GF TW NT AL GF TW NT AL GF TW NT AL GF TW-
-NT AL GF TW NT AL GF TW NT AL GF TW NT AL GF TW-
-NT AL GF TW NT AL GF TW NT AL GF TW NT AL GF TW-
-NT AL GF TW NT AL GF TW NT AL GF TW NT AL GF TW-
-NT AL GF TW NT AL GF TW NT AL GF TW NT AL GF TW-
-NT AL GF TW NT AL GF TW NT AL GF TW NT AL GF TW-
-NT AL GF TW NT AL GF TW NT AL GF TW NT AL GF TW-
-NT AL GF TW NT AL GF TW NT AL GF TW NT AL GF TW-
-NT AL GF TW NT AL GF TW NT AL GF TW NT AL GF TW-
-NT AL GF TW NT AL GF TW NT AL GF TW NT AL GF TW-
-NT AL GF TW NT AL GF TW NT AL GF TW NT AL GF TW-
-NT AL GF TW NT AL GF TW NT AL GF TW NT AL GF TW-
-NT AL GF TW NT AL GF TW NT AL GF TW NT AL GF TW-
-NT AL GF TW NT AL GF TW NT AL GF TW NT AL GF TW-
-NT AL GF TW NT AL GF TW NT AL GF TW NT AL GF TW-
-NT AL GF TW NT AL GF TW NT AL GF TW NT AL GF TW-
-NT AL GF TW NT AL GF TW NT AL GF TW NT AL GF TW-
-NT AL GF TW NT AL GF TW NT AL GF TW NT AL GF TW-
-NT AL GF TW NT AL GF TW NT AL GF TW NT AL GF TW-
-NT AL GF TW NT AL GF TW NT AL GF TW NT AL GF TW-
-NT AL GF TW NT AL GF TW NT AL GF TW NT AL GF TW-
-NT AL GF TW NT AL GF TW NT AL GF TW NT AL GF TW-
-NT AL GF TW NT AL GF TW NT AL GF TW NT AL GF TW-
-NT AL GF TW NT AL GF TW NT AL GF TW NT AL GF TW-
-NT AL GF TW NT AL GF TW NT AL GF TW NT AL GF TW-
-NT AL GF TW NT AL GF TW NT AL GF TW NT AL GF TW-
-NT AL GF TW NT AL GF TW NT AL GF TW NT AL GF TW-
-NT AL GF TW NT AL GF TW NT AL GF TW NT AL GF T
Sent Message to Server: M 10 10
Sent Message to Server: M 10 10
Received Message from Server: M 10 10
-NT AL GF TW NT AL GF TW NT AL GF TW NT AL GF TW-
-NT AL GF TW NT AL GF TW NT AL GF TW NT AL GF T
Sent Message to Server: M 10 10
Received Message from Server: M 10 10
-NT AL GF TW NT AL GF TW NT AL GF TW NT AL GF TW-
-NT AL GF TW NT AL GF TW NT AL GF TW NT AL GF TW-

Sent Message to Server: M 0 10
Received Message from Server: M 50 50
-NT AL GF TW NT AL GF TW NT AL GF TW NT AL GF TW-
-NT AL GF TW NT AL GF TW NT AL GF TW NT AL GF TW-
-NT AL GF TW NT AL GF TW NT AL GF TW NT AL GF TW-
-NT AL GF TW NT AL GF TW NT AL GF TW NT AL GF TW-
-NT AL GF TW NT AL GF TW NT AL GF TW NT AL GF TW-
-NT AL GF TW NT AL GF TW NT AL GF TW NT AL GF TW-
-NT AL GF TW NT AL GF TW NT AL GF TW NT AL GF TW-
-NT AL GF TW NT AL GF TW NT AL GF TW NT AL GF TW-
-NT AL GF TW NT AL GF TW NT AL GF TW NT AL GF TW-
-NT AL GF TW NT AL GF TW NT AL GF TW NT AL GF TW-
-NT AL GF TW NT AL GF TW NT AL GF TW NT AL GF TW-
-NT AL GF TW NT AL GF TW NT AL GF TW NT AL GF TW-
-NT AL GF TW NT AL GF TW NT AL GF TW NT AL GF TW-
-NT AL GF TW NT AL GF TW NT AL GF TW NT AL GF TW-
-NT AL GF TW NT AL GF TW NT AL GF TW NT AL GF TW-
-NT AL GF TW NT AL GF TW NT AL GF TW NT AL GF TW-
-NT AL GF TW NT AL GF TW NT AL GF TW NT AL GF TW-
-NT AL GF TW NT AL GF TW NT AL GF TW NT AL GF TW-
-NT AL GF TW NT AL GF TW NT AL GF TW NT AL GF TW-
-NT AL GF TW NT AL GF TW NT AL GF TW NT AL GF TW-
-NT AL GF TW NT AL GF TW NT AL GF TW NT AL GF TW-
-NT AL GF TW NT AL GF TW NT AL GF TW NT AL GF TW-
-NT AL GF TW NT AL GF TW NT AL GF TW NT AL GF TW-
-NT AL GF TW NT AL GF TW NT AL GF TW NT AL GF TW-
-NT AL GF TW NT AL GF TW NT AL GF TW NT AL GF TW-
-NT AL GF TW NT AL GF TW NT AL GF TW NT AL GF TW-
-NT AL GF TW NT AL GF TW NT AL GF TW NT AL GF TW-
-NT AL GF TW NT AL GF TW NT AL GF TW NT AL GF TW-
-NT AL GF TW NT AL GF TW NT AL GF TW NT AL GF TW-
-NT AL GF TW NT AL GF TW NT AL GF TW NT AL GF TW-
-NT AL GF TW NT AL GF TW NT AL GF TW NT AL GF TW-
-NT AL GF TW NT AL GF TW NT AL GF TW NT AL GF TW-
-NT AL GF TW NT AL GF TW NT AL GF TW NT AL GF TW-
-NT AL GF TW NT AL GF TW NT AL GF TW NT AL GF TW-
-NT AL GF TW NT AL GF TW NT AL GF TW NT AL GF TW-
-NT AL GF TW NT AL GF TW NT AL GF TW NT AL GF TW-
-NT AL GF TW NT AL GF TW NT AL GF TW NT AL GF TW-
-NT AL GF TW NT AL GF TW NT AL GF TW NT AL GF TW-
-NT AL GF TW NT AL GF TW NT AL GF TW NT AL GF TW-
-NT AL GF TW NT AL GF TW NT AL GF TW NT AL GF TW-
-NT AL GF TW NT AL GF TW NT AL GF TW NT AL GF TW-
-NT AL GF TW NT AL GF TW NT AL GF TW NT AL GF TW-
-NT AL GF TW NT AL GF TW NT AL GF TW NT AL GF TW-
-NT AL GF TW NT AL GF TW NT AL GF TW NT AL GF TW-
-NT AL GF TW NT AL GF TW NT AL GF TW NT AL GF TW-
-NT AL GF TW NT AL GF TW NT AL GF TW NT AL GF TW-
-NT AL GF TW NT AL GF TW NT AL GF TW NT AL GF TW-
-NT AL GF TW NT AL GF TW NT AL GF TW NT AL GF TW-
-NT AL GF TW NT AL GF TW NT AL GF TW NT AL GF TW-
-NT AL GF TW NT AL GF TW NT AL GF TW NT AL GF TW


Sent Message to Server: M 0 10
Received Message from Server: M 50 50
-NT AL GF TW NT AL GF TW NT AL GF TW NT AL GF TW-
-NT AL GF TW NT AL GF TW NT AL GF TW NT AL GF TW-
-NT AL GF TW NT AL GF TW NT AL GF TW NT AL GF TW-
-NT AL GF TW NT AL GF TW NT AL GF TW NT AL GF TW-
-NT AL GF TW NT AL GF TW NT AL GF TW NT AL GF TW-
-NT AL GF TW NT AL GF TW NT AL GF TW NT AL GF TW-
-NT AL GF TW NT AL GF TW NT AL GF TW NT AL GF TW-
-NT AL GF TW NT AL GF TW NT AL GF TW NT AL GF TW-
-NT AL GF TW NT AL GF TW NT AL GF TW NT AL GF TW-
-NT AL GF TW NT AL GF TW NT AL GF TW NT AL GF TW-
-NT AL GF TW NT AL GF TW NT AL GF TW NT AL GF TW-
-NT AL GF TW NT AL GF TW NT AL GF TW NT AL GF TW-
-NT AL GF TW NT AL GF TW NT AL GF TW NT AL GF TW-
-NT AL GF TW NT AL GF TW NT AL GF TW NT AL GF TW-
-NT AL GF TW NT AL GF TW NT AL GF TW NT AL GF TW-
-NT AL GF TW NT AL GF TW NT AL GF TW NT AL GF TW-
-NT AL GF TW NT AL GF TW NT AL GF TW NT AL GF TW-
-NT AL GF TW NT AL GF TW NT AL GF TW NT AL GF TW-
-NT AL GF TW NT AL GF TW NT AL GF TW NT AL GF TW-
-NT AL GF TW NT AL GF TW NT AL GF TW NT AL GF TW-
-NT AL GF TW NT AL GF TW NT AL GF TW NT AL GF TW-
-NT AL GF TW NT AL GF TW NT AL GF TW NT AL GF TW-
-NT AL GF TW NT AL GF TW NT AL GF TW NT AL GF TW-
-NT AL GF TW NT AL GF TW NT AL GF TW NT AL GF TW-
-NT AL GF TW NT AL GF TW NT AL GF TW NT AL GF TW-
-NT AL GF TW NT AL GF TW NT AL GF TW NT AL GF TW-
-NT AL GF TW NT AL GF TW NT AL GF TW NT AL GF TW-
-NT AL GF TW NT AL GF TW NT AL GF TW NT AL GF TW-
-NT AL GF TW NT AL GF TW NT AL GF TW NT AL GF TW-
-NT AL GF TW NT AL GF TW NT AL GF TW NT AL GF TW-
-NT AL GF TW NT AL GF TW NT AL GF TW NT AL GF TW-
-NT AL GF TW NT AL GF TW NT AL GF TW NT AL GF TW-
-NT AL GF TW NT AL GF TW NT AL GF TW NT AL GF TW-
-NT AL GF TW NT AL GF TW NT AL GF TW NT AL GF TW-
-NT AL GF TW NT AL GF TW NT AL GF TW NT AL GF TW-
-NT AL GF TW NT AL GF TW NT AL GF TW NT AL GF TW-
-NT AL GF TW NT AL GF TW NT AL GF TW NT AL GF TW-
-NT AL GF TW NT AL GF TW NT AL GF TW NT AL GF TW-
-NT AL GF TW NT AL GF TW NT AL GF TW NT AL GF TW-
-NT AL GF TW NT AL GF TW NT AL GF TW NT AL GF TW-
-NT AL GF TW NT AL GF TW NT AL GF TW NT AL GF TW-
-NT AL GF TW NT AL GF TW NT AL GF TW NT AL GF TW-
-NT AL GF TW NT AL GF TW NT AL GF TW NT AL GF TW-
-NT AL GF TW NT AL GF TW NT AL GF TW NT AL GF TW-
-NT AL GF TW NT AL GF TW NT AL GF TW NT AL GF TW-
-NT AL GF TW NT AL GF TW NT AL GF TW NT AL GF TW-
-NT AL GF TW NT AL GF TW NT AL GF TW NT AL GF TW-
-NT AL GF TW NT AL GF TW NT AL GF TW NT AL GF TW-
-NT AL GF TW NT AL GF TW NT AL GF TW NT AL GF TW-
-NT AL GF TW NT AL GF TW NT AL GF TW NT AL GF TW

Sent Message to Server: M 0 10
Received Message from Server: M 50 50
-NT AL GF TW NT AL GF TW NT AL GF TW NT AL GF TW-
-NT AL GF TW NT AL GF TW NT AL GF TW NT AL GF TW-
-NT AL GF TW NT AL GF TW NT AL GF TW NT AL GF TW-
-NT AL GF TW NT AL GF TW NT AL GF TW NT AL GF TW-
-NT AL GF TW NT AL GF TW NT AL GF TW NT AL GF TW-
-NT AL GF TW NT AL GF TW NT AL GF TW NT AL GF TW-
-NT AL GF TW NT AL GF TW NT AL GF TW NT AL GF TW-
-NT AL GF TW NT AL GF TW NT AL GF TW NT AL GF TW-
-NT AL GF TW NT AL GF TW NT AL GF TW NT AL GF TW-
-NT AL GF TW NT AL GF TW NT AL GF TW NT AL GF TW-
-NT AL GF TW NT AL GF TW NT AL GF TW NT AL GF TW-
-NT AL GF TW NT AL GF TW NT AL GF TW NT AL GF TW-
-NT AL GF TW NT AL GF TW NT AL GF TW NT AL GF TW-
-NT AL GF TW NT AL GF TW NT AL GF TW NT AL GF TW-
-NT AL GF TW NT AL GF TW NT AL GF TW NT AL GF TW-
-NT AL GF TW NT AL GF TW NT AL GF TW NT AL GF TW-
-NT AL GF TW NT AL GF TW NT AL GF TW NT AL GF TW-
-NT AL GF TW NT AL GF TW NT AL GF TW NT AL GF TW-
-NT AL GF TW NT AL GF TW NT AL GF TW NT AL GF TW-
-NT AL GF TW NT AL GF TW NT AL GF TW NT AL GF TW-
-NT AL GF TW NT AL GF TW NT AL GF TW NT AL GF TW-
-NT AL GF TW NT AL GF TW NT AL GF TW NT AL GF TW-
-NT AL GF TW NT AL GF TW NT AL GF TW NT AL GF TW-
-NT AL GF TW NT AL GF TW NT AL GF TW NT AL GF TW-
-NT AL GF TW NT AL GF TW NT AL GF TW NT AL GF TW-
-NT AL GF TW NT AL GF TW NT AL GF TW NT AL GF TW-
-NT AL GF TW NT AL GF TW NT AL GF TW NT AL GF TW-
-NT AL GF TW NT AL GF TW NT AL GF TW NT AL GF TW-
-NT AL GF TW NT AL GF TW NT AL GF TW NT AL GF TW-
-NT AL GF TW NT AL GF TW NT AL GF TW NT AL GF TW-
-NT AL GF TW NT AL GF TW NT AL GF TW NT AL GF TW-
-NT AL GF TW NT AL GF TW NT AL GF TW NT AL GF TW-
-NT AL GF TW NT AL GF TW NT AL GF TW NT AL GF TW-
-NT AL GF TW NT AL GF TW NT AL GF TW NT AL GF TW-
-NT AL GF TW NT AL GF TW NT AL GF TW NT AL GF TW-
-NT AL GF TW NT AL GF TW NT AL GF TW NT AL GF TW-
-NT AL GF TW NT AL GF TW NT AL GF TW NT AL GF TW-
-NT AL GF TW NT AL GF TW NT AL GF TW NT AL GF TW-
-NT AL GF TW NT AL GF TW NT AL GF TW NT AL GF TW-
-NT AL GF TW NT AL GF TW NT AL GF TW NT AL GF TW-
-NT AL GF TW NT AL GF TW NT AL GF TW NT AL GF TW-
-NT AL GF TW NT AL GF TW NT AL GF TW NT AL GF TW-
-NT AL GF TW NT AL GF TW NT AL GF TW NT AL GF TW-
-NT AL GF TW NT AL GF TW NT AL GF TW NT AL GF TW-
-NT AL GF TW NT AL GF TW NT AL GF TW NT AL GF TW-
-NT AL GF TW NT AL GF TW NT AL GF TW NT AL GF TW-
-NT AL GF TW NT AL GF TW NT AL GF TW NT AL GF TW-
-NT AL GF TW NT AL GF TW NT AL GF TW NT AL GF TW-
-NT AL GF TW NT AL GF TW NT AL GF TW NT AL GF TW-
-NT AL GF TW NT AL GF TW NT AL GF TW NT AL GF TW

